2025-07-05 09:50:09,550 [INFO] Wikipedia search for 'triangles in maths' returned 5 results
2025-07-05 09:50:10,542 [INFO] Wikipedia search for 'triangles maths ancient India' returned 5 results
2025-07-05 09:50:11,530 [INFO] Wikipedia search for 'triangles in ancient Indian maths' returned 5 results
2025-07-05 09:50:12,489 [INFO] Wikipedia search for 'maths triangles' returned 5 results
2025-07-05 09:50:16,039 [INFO] Successfully fetched Wikipedia content for 'Magic triangle (mathematics)'
2025-07-05 09:50:16,039 [INFO] Saved Wikipedia content to cache for maths/triangles
2025-07-05 09:50:17,013 [INFO] Wikipedia search for 'triangle in mathematics' returned 5 results
2025-07-05 09:50:18,124 [INFO] Wikipedia search for 'triangle mathematics ancient India' returned 5 results
2025-07-05 09:50:19,148 [INFO] Wikipedia search for 'triangle in ancient Indian mathematics' returned 5 results
2025-07-05 09:50:20,115 [INFO] Wikipedia search for 'mathematics triangle' returned 5 results
2025-07-05 09:50:24,864 [INFO] Successfully fetched Wikipedia content for 'Triangle'
2025-07-05 09:50:24,865 [INFO] Saved Wikipedia content to cache for mathematics/triangle
2025-07-05 09:50:25,836 [INFO] Wikipedia search for 'triangles in geometry' returned 5 results
2025-07-05 09:50:26,905 [INFO] Wikipedia search for 'triangles geometry ancient India' returned 5 results
2025-07-05 09:50:27,953 [INFO] Wikipedia search for 'triangles in ancient Indian geometry' returned 5 results
2025-07-05 09:50:28,937 [INFO] Wikipedia search for 'geometry triangles' returned 5 results
2025-07-05 09:50:33,704 [INFO] Successfully fetched Wikipedia content for 'Triangle'
2025-07-05 09:50:33,705 [INFO] Saved Wikipedia content to cache for geometry/triangles
2025-07-05 09:50:34,749 [INFO] Wikipedia search for 'triangle geometry in math' returned 5 results
2025-07-05 09:50:35,732 [INFO] Wikipedia search for 'triangle geometry math ancient India' returned 5 results
2025-07-05 09:50:36,724 [INFO] Wikipedia search for 'triangle geometry in ancient Indian math' returned 5 results
2025-07-05 09:50:37,693 [INFO] Wikipedia search for 'math triangle geometry' returned 5 results
2025-07-05 09:50:41,400 [INFO] Successfully fetched Wikipedia content for 'Modern triangle geometry'
2025-07-05 09:50:41,401 [INFO] Saved Wikipedia content to cache for math/triangle geometry
2025-07-05 09:50:42,398 [INFO] Wikipedia search for 'triangle properties in mathematics' returned 5 results
2025-07-05 09:50:43,424 [INFO] Wikipedia search for 'triangle properties mathematics ancient India' returned 5 results
2025-07-05 09:50:44,439 [INFO] Wikipedia search for 'triangle properties in ancient Indian mathematics' returned 5 results
2025-07-05 09:50:45,464 [INFO] Wikipedia search for 'mathematics triangle properties' returned 5 results
2025-07-05 09:50:50,247 [INFO] Successfully fetched Wikipedia content for 'Triangle'
2025-07-05 09:50:50,248 [INFO] Saved Wikipedia content to cache for mathematics/triangle properties
